2025-03-22 16:47:23,250 - INFO - Pulling data version: v1+v2
2025-03-22 16:47:30,722 - INFO - Successfully pulled v1+v2
2025-03-22 16:50:35,713 - INFO - Pulling data version: v1+v2
2025-03-22 16:50:36,336 - INFO - Successfully pulled v1+v2
2025-03-22 16:52:02,262 - INFO - Pulling data version: v1
2025-03-22 16:52:02,901 - ERROR - Failed to pull data: [Errno 2] No such file or directory: 'data/partitions/v1'
2025-03-22 16:53:52,528 - INFO - Pulling data version: v1
2025-03-22 16:53:56,328 - INFO - Pulling data version: v2
2025-03-22 16:53:59,218 - INFO - Successfully pulled v1+v2
2025-03-22 17:00:21,485 - INFO - Pulling data version: v1
2025-03-22 17:00:28,103 - INFO - Successfully pulled v1
2025-03-22 17:05:04,815 - INFO - Pulling data version: v2
2025-03-22 17:05:06,753 - INFO - Successfully pulled v2
2025-03-22 17:13:51,419 - INFO - Pulling data version: v2
2025-03-22 17:13:52,140 - INFO - Successfully pulled v2
2025-03-22 17:14:45,522 - INFO - Pulling data version: v2
2025-03-22 17:14:46,187 - INFO - Successfully pulled v2
2025-03-22 17:21:16,656 - INFO - Pulling data version: v2
2025-03-22 17:21:17,274 - INFO - Successfully pulled v2
2025-03-22 17:21:43,886 - INFO - Pulling data version: v2
2025-03-22 17:21:44,497 - INFO - Successfully pulled v2
2025-03-22 17:22:04,629 - INFO - Pulling data version: v1+v2
2025-03-22 17:22:05,228 - INFO - Successfully pulled v1+v2
2025-03-22 17:22:26,274 - INFO - Pulling data version: v1
2025-03-22 17:22:26,890 - INFO - Successfully pulled v1
2025-03-22 17:22:51,000 - INFO - Pulling data version: v1
2025-03-22 17:22:51,605 - INFO - Successfully pulled v1
2025-03-22 17:23:20,427 - INFO - Pulling data version: v1
2025-03-22 17:23:21,072 - ERROR - Failed to pull data: [Errno 2] No such file or directory: 'data/partitions/v1'
